<?xml version="1.0" encoding="UTF-8"?>
<!-- Generated by org.testng.reporters.JUnitXMLReporter -->
<testsuite hostname="PIS076" ignored="2" name="Default test" tests="2" failures="0" timestamp="2020-12-15T00:16:37 IST" time="92.629" errors="0">
  <testcase name="LoginTest" time="13.837" classname="Execution.TestCaseExecution"/>
  <testcase name="singlequote" time="66.603" classname="Execution.TestCaseExecution"/>
  <testcase name="Converttoleasesinglequote" time="0.0" classname="Execution.TestCaseExecution">
    <ignored/>
  </testcase> <!-- Converttoleasesinglequote -->
  <testcase name="Approvesinglequote" time="0.0" classname="Execution.TestCaseExecution">
    <ignored/>
  </testcase> <!-- Approvesinglequote -->
</testsuite> <!-- Default test -->
