<?xml version="1.0" encoding="UTF-8"?>
<!-- Generated by org.testng.reporters.JUnitXMLReporter -->
<testsuite hostname="PIS076" ignored="0" name="Default test" tests="12" failures="0" timestamp="2020-12-27T21:47:53 IST" time="703.161" errors="0">
  <testcase name="LoginTest" time="16.058" classname="Execution.TestCaseExecution"/>
  <testcase name="Tabasset" time="48.889" classname="Execution.TestCaseExecution"/>
  <testcase name="singlequote" time="72.97" classname="Execution.TestCaseExecution"/>
  <testcase name="singlequoteapproval" time="17.726" classname="Execution.TestCaseExecution"/>
  <testcase name="singlequoteconverttolead" time="15.944" classname="Execution.TestCaseExecution"/>
  <testcase name="TabLease" time="65.487" classname="Execution.TestCaseExecution"/>
  <testcase name="createmultiquotesformultivehicles" time="84.559" classname="Execution.TestCaseExecution"/>
  <testcase name="CreateLesseeRecord" time="40.819" classname="Execution.TestCaseExecution"/>
  <testcase name="CreateSupplierRecord" time="79.584" classname="Execution.TestCaseExecution"/>
  <testcase name="CreateBuyersRecord" time="75.178" classname="Execution.TestCaseExecution"/>
  <testcase name="CreatemultiplequoteforIndependentvehicle" time="84.495" classname="Execution.TestCaseExecution"/>
  <testcase name="Createmultiplequoteforsinglevehicle" time="78.327" classname="Execution.TestCaseExecution"/>
</testsuite> <!-- Default test -->
