<?xml version="1.0" encoding="UTF-8"?>
<testng-results skipped="0" failed="1" ignored="0" total="8" passed="7">
  <reporter-output>
  </reporter-output>
  <suite name="Default suite" duration-ms="333058" started-at="2020-12-21T20:31:22 IST" finished-at="2020-12-21T20:36:55 IST">
    <groups>
    </groups>
    <test name="Default test" duration-ms="333058" started-at="2020-12-21T20:31:22 IST" finished-at="2020-12-21T20:36:55 IST">
      <class name="Execution.TestCaseExecution">
        <test-method status="PASS" signature="Initialize()[pri:0, instance:Execution.TestCaseExecution@1b26f7b2]" name="Initialize" is-config="true" duration-ms="29548" started-at="2020-12-21T20:31:22 IST" finished-at="2020-12-21T20:31:51 IST">
          <reporter-output>
          </reporter-output>
        </test-method> <!-- Initialize -->
        <test-method status="PASS" signature="LoginTest()[pri:0, instance:Execution.TestCaseExecution@1b26f7b2]" name="LoginTest" duration-ms="15244" started-at="2020-12-21T20:31:52 IST" finished-at="2020-12-21T20:32:07 IST">
          <reporter-output>
          </reporter-output>
        </test-method> <!-- LoginTest -->
        <test-method status="PASS" signature="Tabasset()[pri:1, instance:Execution.TestCaseExecution@1b26f7b2]" name="Tabasset" duration-ms="45015" started-at="2020-12-21T20:32:07 IST" finished-at="2020-12-21T20:32:52 IST">
          <reporter-output>
          </reporter-output>
        </test-method> <!-- Tabasset -->
        <test-method status="FAIL" signature="singlequote()[pri:2, instance:Execution.TestCaseExecution@1b26f7b2]" name="singlequote" duration-ms="13757" started-at="2020-12-21T20:32:52 IST" finished-at="2020-12-21T20:33:06 IST">
          <exception class="org.openqa.selenium.ElementClickInterceptedException">
            <message>
              <![CDATA[element click intercepted: Element <input type="text" class="form-control" name="customer_address" id="customer_address"> is not clickable at point (329, 312). Other element would receive the click: <div id="ui-id-4" tabindex="-1" class="ui-menu-item-wrapper">...</div>
  (Session info: chrome=86.0.4240.198)
Build info: version: '3.141.59', revision: 'e82be7d358', time: '2018-11-14T08:17:03'
System info: host: 'PIS076', ip: '192.168.20.24', os.name: 'Windows 10', os.arch: 'amd64', os.version: '10.0', java.version: '1.8.0_251'
Driver info: org.openqa.selenium.chrome.ChromeDriver
Capabilities {acceptInsecureCerts: false, browserName: chrome, browserVersion: 86.0.4240.198, chrome: {chromedriverVersion: 85.0.4183.87 (cd6713ebf92fa..., userDataDir: C:\Users\schandan\AppData\L...}, goog:chromeOptions: {debuggerAddress: localhost:50263}, javascriptEnabled: true, networkConnectionEnabled: false, pageLoadStrategy: normal, platform: WINDOWS, platformName: WINDOWS, proxy: Proxy(), setWindowRect: true, strictFileInteractability: false, timeouts: {implicit: 0, pageLoad: 300000, script: 30000}, unhandledPromptBehavior: dismiss and notify, webauthn:virtualAuthenticators: true}
Session ID: 0c9dc2f9d2c40f275d951f2ca90d853d]]>
            </message>
            <full-stacktrace>
              <![CDATA[org.openqa.selenium.ElementClickInterceptedException: element click intercepted: Element <input type="text" class="form-control" name="customer_address" id="customer_address"> is not clickable at point (329, 312). Other element would receive the click: <div id="ui-id-4" tabindex="-1" class="ui-menu-item-wrapper">...</div>
  (Session info: chrome=86.0.4240.198)
Build info: version: '3.141.59', revision: 'e82be7d358', time: '2018-11-14T08:17:03'
System info: host: 'PIS076', ip: '192.168.20.24', os.name: 'Windows 10', os.arch: 'amd64', os.version: '10.0', java.version: '1.8.0_251'
Driver info: org.openqa.selenium.chrome.ChromeDriver
Capabilities {acceptInsecureCerts: false, browserName: chrome, browserVersion: 86.0.4240.198, chrome: {chromedriverVersion: 85.0.4183.87 (cd6713ebf92fa..., userDataDir: C:\Users\schandan\AppData\L...}, goog:chromeOptions: {debuggerAddress: localhost:50263}, javascriptEnabled: true, networkConnectionEnabled: false, pageLoadStrategy: normal, platform: WINDOWS, platformName: WINDOWS, proxy: Proxy(), setWindowRect: true, strictFileInteractability: false, timeouts: {implicit: 0, pageLoad: 300000, script: 30000}, unhandledPromptBehavior: dismiss and notify, webauthn:virtualAuthenticators: true}
Session ID: 0c9dc2f9d2c40f275d951f2ca90d853d
at sun.reflect.NativeConstructorAccessorImpl.newInstance0(Native Method)
at sun.reflect.NativeConstructorAccessorImpl.newInstance(NativeConstructorAccessorImpl.java:62)
at sun.reflect.DelegatingConstructorAccessorImpl.newInstance(DelegatingConstructorAccessorImpl.java:45)
at java.lang.reflect.Constructor.newInstance(Constructor.java:423)
at org.openqa.selenium.remote.http.W3CHttpResponseCodec.createException(W3CHttpResponseCodec.java:187)
at org.openqa.selenium.remote.http.W3CHttpResponseCodec.decode(W3CHttpResponseCodec.java:122)
at org.openqa.selenium.remote.http.W3CHttpResponseCodec.decode(W3CHttpResponseCodec.java:49)
at org.openqa.selenium.remote.HttpCommandExecutor.execute(HttpCommandExecutor.java:158)
at org.openqa.selenium.remote.service.DriverCommandExecutor.execute(DriverCommandExecutor.java:83)
at org.openqa.selenium.remote.RemoteWebDriver.execute(RemoteWebDriver.java:552)
at org.openqa.selenium.remote.RemoteWebElement.execute(RemoteWebElement.java:285)
at org.openqa.selenium.remote.RemoteWebElement.click(RemoteWebElement.java:84)
at sun.reflect.GeneratedMethodAccessor6.invoke(Unknown Source)
at sun.reflect.DelegatingMethodAccessorImpl.invoke(DelegatingMethodAccessorImpl.java:43)
at java.lang.reflect.Method.invoke(Method.java:498)
at org.openqa.selenium.support.pagefactory.internal.LocatingElementHandler.invoke(LocatingElementHandler.java:51)
at com.sun.proxy.$Proxy10.click(Unknown Source)
at Pages.singlequote.EnterCustomerAddress(singlequote.java:175)
at Execution.TestCaseExecution.singlequote(TestCaseExecution.java:98)
at sun.reflect.NativeMethodAccessorImpl.invoke0(Native Method)
at sun.reflect.NativeMethodAccessorImpl.invoke(NativeMethodAccessorImpl.java:62)
at sun.reflect.DelegatingMethodAccessorImpl.invoke(DelegatingMethodAccessorImpl.java:43)
at java.lang.reflect.Method.invoke(Method.java:498)
at org.testng.internal.MethodInvocationHelper.invokeMethod(MethodInvocationHelper.java:132)
at org.testng.internal.TestInvoker.invokeMethod(TestInvoker.java:599)
at org.testng.internal.TestInvoker.invokeTestMethod(TestInvoker.java:174)
at org.testng.internal.MethodRunner.runInSequence(MethodRunner.java:46)
at org.testng.internal.TestInvoker$MethodInvocationAgent.invoke(TestInvoker.java:822)
at org.testng.internal.TestInvoker.invokeTestMethods(TestInvoker.java:147)
at org.testng.internal.TestMethodWorker.invokeTestMethods(TestMethodWorker.java:146)
at org.testng.internal.TestMethodWorker.run(TestMethodWorker.java:128)
at java.util.ArrayList.forEach(ArrayList.java:1257)
at org.testng.TestRunner.privateRun(TestRunner.java:764)
at org.testng.TestRunner.run(TestRunner.java:585)
at org.testng.SuiteRunner.runTest(SuiteRunner.java:384)
at org.testng.SuiteRunner.runSequentially(SuiteRunner.java:378)
at org.testng.SuiteRunner.privateRun(SuiteRunner.java:337)
at org.testng.SuiteRunner.run(SuiteRunner.java:286)
at org.testng.SuiteRunnerWorker.runSuite(SuiteRunnerWorker.java:53)
at org.testng.SuiteRunnerWorker.run(SuiteRunnerWorker.java:96)
at org.testng.TestNG.runSuitesSequentially(TestNG.java:1218)
at org.testng.TestNG.runSuitesLocally(TestNG.java:1140)
at org.testng.TestNG.runSuites(TestNG.java:1069)
at org.testng.TestNG.run(TestNG.java:1037)
at org.testng.remote.AbstractRemoteTestNG.run(AbstractRemoteTestNG.java:115)
at org.testng.remote.RemoteTestNG.initAndRun(RemoteTestNG.java:251)
at org.testng.remote.RemoteTestNG.main(RemoteTestNG.java:77)
]]>
            </full-stacktrace>
          </exception> <!-- org.openqa.selenium.ElementClickInterceptedException -->
          <reporter-output>
          </reporter-output>
        </test-method> <!-- singlequote -->
        <test-method status="PASS" signature="singlequoteapproval()[pri:3, instance:Execution.TestCaseExecution@1b26f7b2]" name="singlequoteapproval" duration-ms="11588" started-at="2020-12-21T20:33:06 IST" finished-at="2020-12-21T20:33:17 IST">
          <reporter-output>
          </reporter-output>
        </test-method> <!-- singlequoteapproval -->
        <test-method status="PASS" signature="singlequoteconverttolead()[pri:4, instance:Execution.TestCaseExecution@1b26f7b2]" name="singlequoteconverttolead" duration-ms="9805" started-at="2020-12-21T20:33:17 IST" finished-at="2020-12-21T20:33:27 IST">
          <reporter-output>
          </reporter-output>
        </test-method> <!-- singlequoteconverttolead -->
        <test-method status="PASS" signature="TabLease()[pri:5, instance:Execution.TestCaseExecution@1b26f7b2]" name="TabLease" duration-ms="89965" started-at="2020-12-21T20:33:27 IST" finished-at="2020-12-21T20:34:57 IST">
          <reporter-output>
          </reporter-output>
        </test-method> <!-- TabLease -->
        <test-method status="PASS" signature="createmultiquotesformultivehicles()[pri:6, instance:Execution.TestCaseExecution@1b26f7b2]" name="createmultiquotesformultivehicles" duration-ms="80048" started-at="2020-12-21T20:34:57 IST" finished-at="2020-12-21T20:36:17 IST">
          <reporter-output>
          </reporter-output>
        </test-method> <!-- createmultiquotesformultivehicles -->
        <test-method status="PASS" signature="CreateLesseeRecord()[pri:7, instance:Execution.TestCaseExecution@1b26f7b2]" name="CreateLesseeRecord" duration-ms="37150" started-at="2020-12-21T20:36:17 IST" finished-at="2020-12-21T20:36:54 IST">
          <reporter-output>
          </reporter-output>
        </test-method> <!-- CreateLesseeRecord -->
        <test-method status="PASS" signature="close()[pri:0, instance:Execution.TestCaseExecution@1b26f7b2]" name="close" is-config="true" duration-ms="573" started-at="2020-12-21T20:36:54 IST" finished-at="2020-12-21T20:36:55 IST">
          <reporter-output>
          </reporter-output>
        </test-method> <!-- close -->
      </class> <!-- Execution.TestCaseExecution -->
    </test> <!-- Default test -->
  </suite> <!-- Default suite -->
</testng-results>
