<?xml version="1.0" encoding="UTF-8"?>
<testng-results skipped="0" failed="0" ignored="2" total="4" passed="2">
  <reporter-output>
  </reporter-output>
  <suite name="Default suite" duration-ms="92629" started-at="2020-12-15T00:15:04 IST" finished-at="2020-12-15T00:16:37 IST">
    <groups>
    </groups>
    <test name="Default test" duration-ms="92629" started-at="2020-12-15T00:15:04 IST" finished-at="2020-12-15T00:16:37 IST">
      <class name="Execution.TestCaseExecution">
        <test-method status="PASS" signature="Initialize()[pri:0, instance:Execution.TestCaseExecution@11758f2a]" name="Initialize" is-config="true" duration-ms="11792" started-at="2020-12-15T00:15:04 IST" finished-at="2020-12-15T00:15:16 IST">
          <reporter-output>
          </reporter-output>
        </test-method> <!-- Initialize -->
        <test-method status="PASS" signature="LoginTest()[pri:0, instance:Execution.TestCaseExecution@11758f2a]" name="LoginTest" duration-ms="13837" started-at="2020-12-15T00:15:16 IST" finished-at="2020-12-15T00:15:30 IST">
          <reporter-output>
          </reporter-output>
        </test-method> <!-- LoginTest -->
        <test-method status="PASS" signature="singlequote()[pri:0, instance:Execution.TestCaseExecution@11758f2a]" name="singlequote" duration-ms="66603" started-at="2020-12-15T00:15:30 IST" finished-at="2020-12-15T00:16:36 IST">
          <reporter-output>
          </reporter-output>
        </test-method> <!-- singlequote -->
        <test-method status="PASS" signature="close()[pri:0, instance:Execution.TestCaseExecution@11758f2a]" name="close" is-config="true" duration-ms="332" started-at="2020-12-15T00:16:36 IST" finished-at="2020-12-15T00:16:37 IST">
          <reporter-output>
          </reporter-output>
        </test-method> <!-- close -->
      </class> <!-- Execution.TestCaseExecution -->
    </test> <!-- Default test -->
  </suite> <!-- Default suite -->
</testng-results>
