<?xml version="1.0" encoding="UTF-8"?>
<testng-results skipped="0" failed="0" ignored="0" total="12" passed="12">
  <reporter-output>
  </reporter-output>
  <suite name="Default suite" duration-ms="703161" started-at="2020-12-27T21:36:10 IST" finished-at="2020-12-27T21:47:53 IST">
    <groups>
    </groups>
    <test name="Default test" duration-ms="703161" started-at="2020-12-27T21:36:10 IST" finished-at="2020-12-27T21:47:53 IST">
      <class name="Execution.TestCaseExecution">
        <test-method status="PASS" signature="Initialize()[pri:0, instance:Execution.TestCaseExecution@1b26f7b2]" name="Initialize" is-config="true" duration-ms="22395" started-at="2020-12-27T21:36:10 IST" finished-at="2020-12-27T21:36:33 IST">
          <reporter-output>
          </reporter-output>
        </test-method> <!-- Initialize -->
        <test-method status="PASS" signature="LoginTest()[pri:0, instance:Execution.TestCaseExecution@1b26f7b2]" name="LoginTest" duration-ms="16058" started-at="2020-12-27T21:36:33 IST" finished-at="2020-12-27T21:36:49 IST">
          <reporter-output>
          </reporter-output>
        </test-method> <!-- LoginTest -->
        <test-method status="PASS" signature="Tabasset()[pri:1, instance:Execution.TestCaseExecution@1b26f7b2]" name="Tabasset" duration-ms="48889" started-at="2020-12-27T21:36:49 IST" finished-at="2020-12-27T21:37:38 IST">
          <reporter-output>
          </reporter-output>
        </test-method> <!-- Tabasset -->
        <test-method status="PASS" signature="singlequote()[pri:2, instance:Execution.TestCaseExecution@1b26f7b2]" name="singlequote" duration-ms="72970" started-at="2020-12-27T21:37:38 IST" finished-at="2020-12-27T21:38:51 IST">
          <reporter-output>
          </reporter-output>
        </test-method> <!-- singlequote -->
        <test-method status="PASS" signature="singlequoteapproval()[pri:3, instance:Execution.TestCaseExecution@1b26f7b2]" name="singlequoteapproval" duration-ms="17726" started-at="2020-12-27T21:38:51 IST" finished-at="2020-12-27T21:39:08 IST">
          <reporter-output>
          </reporter-output>
        </test-method> <!-- singlequoteapproval -->
        <test-method status="PASS" signature="singlequoteconverttolead()[pri:4, instance:Execution.TestCaseExecution@1b26f7b2]" name="singlequoteconverttolead" duration-ms="15944" started-at="2020-12-27T21:39:08 IST" finished-at="2020-12-27T21:39:24 IST">
          <reporter-output>
          </reporter-output>
        </test-method> <!-- singlequoteconverttolead -->
        <test-method status="PASS" signature="TabLease()[pri:5, instance:Execution.TestCaseExecution@1b26f7b2]" name="TabLease" duration-ms="65487" started-at="2020-12-27T21:39:24 IST" finished-at="2020-12-27T21:40:30 IST">
          <reporter-output>
          </reporter-output>
        </test-method> <!-- TabLease -->
        <test-method status="PASS" signature="createmultiquotesformultivehicles()[pri:6, instance:Execution.TestCaseExecution@1b26f7b2]" name="createmultiquotesformultivehicles" duration-ms="84559" started-at="2020-12-27T21:40:30 IST" finished-at="2020-12-27T21:41:54 IST">
          <reporter-output>
          </reporter-output>
        </test-method> <!-- createmultiquotesformultivehicles -->
        <test-method status="PASS" signature="CreateLesseeRecord()[pri:7, instance:Execution.TestCaseExecution@1b26f7b2]" name="CreateLesseeRecord" duration-ms="40819" started-at="2020-12-27T21:41:54 IST" finished-at="2020-12-27T21:42:35 IST">
          <reporter-output>
          </reporter-output>
        </test-method> <!-- CreateLesseeRecord -->
        <test-method status="PASS" signature="CreateSupplierRecord()[pri:8, instance:Execution.TestCaseExecution@1b26f7b2]" name="CreateSupplierRecord" duration-ms="79584" started-at="2020-12-27T21:42:35 IST" finished-at="2020-12-27T21:43:55 IST">
          <reporter-output>
          </reporter-output>
        </test-method> <!-- CreateSupplierRecord -->
        <test-method status="PASS" signature="CreateBuyersRecord()[pri:9, instance:Execution.TestCaseExecution@1b26f7b2]" name="CreateBuyersRecord" duration-ms="75178" started-at="2020-12-27T21:43:55 IST" finished-at="2020-12-27T21:45:10 IST">
          <reporter-output>
          </reporter-output>
        </test-method> <!-- CreateBuyersRecord -->
        <test-method status="PASS" signature="CreatemultiplequoteforIndependentvehicle()[pri:10, instance:Execution.TestCaseExecution@1b26f7b2]" name="CreatemultiplequoteforIndependentvehicle" duration-ms="84495" started-at="2020-12-27T21:45:10 IST" finished-at="2020-12-27T21:46:35 IST">
          <reporter-output>
          </reporter-output>
        </test-method> <!-- CreatemultiplequoteforIndependentvehicle -->
        <test-method status="PASS" signature="Createmultiplequoteforsinglevehicle()[pri:11, instance:Execution.TestCaseExecution@1b26f7b2]" name="Createmultiplequoteforsinglevehicle" duration-ms="78327" started-at="2020-12-27T21:46:35 IST" finished-at="2020-12-27T21:47:53 IST">
          <reporter-output>
          </reporter-output>
        </test-method> <!-- Createmultiplequoteforsinglevehicle -->
        <test-method status="PASS" signature="close()[pri:0, instance:Execution.TestCaseExecution@1b26f7b2]" name="close" is-config="true" duration-ms="476" started-at="2020-12-27T21:47:53 IST" finished-at="2020-12-27T21:47:53 IST">
          <reporter-output>
          </reporter-output>
        </test-method> <!-- close -->
      </class> <!-- Execution.TestCaseExecution -->
    </test> <!-- Default test -->
  </suite> <!-- Default suite -->
</testng-results>
